0 info it worked if it ends with ok
1 verbose cli [ '/usr/local/bin/node', '/usr/local/bin/npm', 'run', 'dev' ]
2 info using npm@3.8.2
3 info using node@v4.4.0
4 verbose run-script [ 'predev', 'dev', 'postdev' ]
5 info lifecycle nextjs@0.1.0~predev: nextjs@0.1.0
6 silly lifecycle nextjs@0.1.0~predev: no script for predev, continuing
7 info lifecycle nextjs@0.1.0~dev: nextjs@0.1.0
8 verbose lifecycle nextjs@0.1.0~dev: unsafe-perm in lifecycle true
9 verbose lifecycle nextjs@0.1.0~dev: PATH: /usr/local/lib/node_modules/npm/bin/node-gyp-bin:/Users/feustey/Documents/Lightdash/Lightdash/project/node_modules/.bin:/usr/local/bin:/usr/local/bin:/usr/bin:/bin:/usr/sbin:/sbin:/usr/local/MacGPG2/bin
10 verbose lifecycle nextjs@0.1.0~dev: CWD: /Users/feustey/Documents/Lightdash/Lightdash/project
11 silly lifecycle nextjs@0.1.0~dev: Args: [ '-c', 'next dev' ]
12 info lifecycle nextjs@0.1.0~dev: Failed to exec dev script
13 verbose stack Error: nextjs@0.1.0 dev: `next dev`
13 verbose stack spawn ENOENT
13 verbose stack     at ChildProcess.<anonymous> (/usr/local/lib/node_modules/npm/lib/utils/spawn.js:17:16)
13 verbose stack     at emitTwo (events.js:87:13)
13 verbose stack     at ChildProcess.emit (events.js:172:7)
13 verbose stack     at maybeClose (internal/child_process.js:827:16)
13 verbose stack     at Process.ChildProcess._handle.onexit (internal/child_process.js:211:5)
14 verbose pkgid nextjs@0.1.0
15 verbose cwd /Users/feustey/Documents/Lightdash/Lightdash/project
16 error Darwin 21.6.0
17 error argv "/usr/local/bin/node" "/usr/local/bin/npm" "run" "dev"
18 error node v4.4.0
19 error npm  v3.8.2
20 error file sh
21 error code ELIFECYCLE
22 error errno ENOENT
23 error syscall spawn
24 error nextjs@0.1.0 dev: `next dev`
24 error spawn ENOENT
25 error Failed at the nextjs@0.1.0 dev script 'next dev'.
25 error Make sure you have the latest version of node.js and npm installed.
25 error If you do, this is most likely a problem with the nextjs package,
25 error not with npm itself.
25 error Tell the author that this fails on your system:
25 error     next dev
25 error You can get information on how to open an issue for this project with:
25 error     npm bugs nextjs
25 error Or if that isn't available, you can get their info via:
25 error     npm owner ls nextjs
25 error There is likely additional logging output above.
26 verbose exit [ 1, true ]
